2019-08-14 11:43:31.729  INFO 16044 --- [restartedMain] com.lxs.community.CommunityApplication   : Starting CommunityApplication on DESKTOP-7SOQ3K9 with PID 16044 (D:\workspace_idea_02\community\target\classes started by 14500 in D:\workspace_idea_02\community)
2019-08-14 11:43:31.732  INFO 16044 --- [restartedMain] com.lxs.community.CommunityApplication   : No active profile set, falling back to default profiles: default
2019-08-14 11:43:31.787  INFO 16044 --- [restartedMain] .e.DevToolsPropertyDefaultsPostProcessor : Devtools property defaults active! Set 'spring.devtools.add-properties' to 'false' to disable
2019-08-14 11:43:31.792  INFO 16044 --- [restartedMain] .e.DevToolsPropertyDefaultsPostProcessor : For additional web related logging consider setting the 'logging.level.web' property to 'DEBUG'
2019-08-14 11:43:32.544  WARN 16044 --- [restartedMain] o.m.s.mapper.ClassPathMapperScanner      : No MyBatis mapper was found in '[lxs.com.community.mapper]' package. Please check your configuration.
2019-08-14 11:43:33.202  INFO 16044 --- [restartedMain] o.s.b.w.embedded.tomcat.TomcatWebServer  : Tomcat initialized with port(s): 8887 (http)
2019-08-14 11:43:33.222  INFO 16044 --- [restartedMain] o.apache.catalina.core.StandardService   : Starting service [Tomcat]
2019-08-14 11:43:33.222  INFO 16044 --- [restartedMain] org.apache.catalina.core.StandardEngine  : Starting Servlet engine: [Apache Tomcat/9.0.21]
2019-08-14 11:43:33.313  INFO 16044 --- [restartedMain] o.a.c.c.C.[Tomcat].[localhost].[/]       : Initializing Spring embedded WebApplicationContext
2019-08-14 11:43:33.313  INFO 16044 --- [restartedMain] o.s.web.context.ContextLoader            : Root WebApplicationContext: initialization completed in 1521 ms
2019-08-14 11:43:33.842  INFO 16044 --- [restartedMain] o.s.s.concurrent.ThreadPoolTaskExecutor  : Initializing ExecutorService 'applicationTaskExecutor'
2019-08-14 11:43:33.950  INFO 16044 --- [restartedMain] o.s.b.a.w.s.WelcomePageHandlerMapping    : Adding welcome page template: index
2019-08-14 11:43:34.098  INFO 16044 --- [restartedMain] o.s.b.d.a.OptionalLiveReloadServer       : LiveReload server is running on port 35729
2019-08-14 11:43:34.143  INFO 16044 --- [restartedMain] o.s.b.w.embedded.tomcat.TomcatWebServer  : Tomcat started on port(s): 8887 (http) with context path ''
2019-08-14 11:43:34.145  INFO 16044 --- [restartedMain] com.lxs.community.CommunityApplication   : Started CommunityApplication in 2.987 seconds (JVM running for 4.174)
2019-08-14 11:43:35.350  INFO 16044 --- [http-nio-8887-exec-1] o.a.c.c.C.[Tomcat].[localhost].[/]       : Initializing Spring DispatcherServlet 'dispatcherServlet'
2019-08-14 11:43:35.351  INFO 16044 --- [http-nio-8887-exec-1] o.s.web.servlet.DispatcherServlet        : Initializing Servlet 'dispatcherServlet'
2019-08-14 11:43:35.359  INFO 16044 --- [http-nio-8887-exec-1] o.s.web.servlet.DispatcherServlet        : Completed initialization in 8 ms
2019-08-14 11:43:35.467  INFO 16044 --- [http-nio-8887-exec-1] com.alibaba.druid.pool.DruidDataSource   : {dataSource-1} inited
2019-08-14 11:43:35.553 DEBUG 16044 --- [http-nio-8887-exec-1] c.l.c.m.QuestionMapper.countBySearch     : ==>  Preparing: SELECT count(*) FROM question 
2019-08-14 11:43:35.575 DEBUG 16044 --- [http-nio-8887-exec-1] c.l.c.m.QuestionMapper.countBySearch     : ==> Parameters: 
2019-08-14 11:43:35.592 DEBUG 16044 --- [http-nio-8887-exec-1] c.l.c.m.QuestionMapper.countBySearch     : <==      Total: 1
2019-08-14 11:43:35.597 DEBUG 16044 --- [http-nio-8887-exec-1] c.l.c.m.QuestionMapper.selectBySearch    : ==>  Preparing: select * from question order by gmt_create desc limit ?, ? 
2019-08-14 11:43:35.597 DEBUG 16044 --- [http-nio-8887-exec-1] c.l.c.m.QuestionMapper.selectBySearch    : ==> Parameters: 8(Integer), 8(Integer)
2019-08-14 11:43:35.602 DEBUG 16044 --- [http-nio-8887-exec-1] c.l.c.m.QuestionMapper.selectBySearch    : <==      Total: 4
2019-08-14 11:43:35.603 DEBUG 16044 --- [http-nio-8887-exec-1] c.l.c.mapper.UserMapper.findById         : ==>  Preparing: select * from user where id=? 
2019-08-14 11:43:35.604 DEBUG 16044 --- [http-nio-8887-exec-1] c.l.c.mapper.UserMapper.findById         : ==> Parameters: 11(Integer)
2019-08-14 11:43:35.605 DEBUG 16044 --- [http-nio-8887-exec-1] c.l.c.mapper.UserMapper.findById         : <==      Total: 1
2019-08-14 11:43:35.610 DEBUG 16044 --- [http-nio-8887-exec-1] c.l.c.mapper.UserMapper.findById         : ==>  Preparing: select * from user where id=? 
2019-08-14 11:43:35.610 DEBUG 16044 --- [http-nio-8887-exec-1] c.l.c.mapper.UserMapper.findById         : ==> Parameters: 11(Integer)
2019-08-14 11:43:35.612 DEBUG 16044 --- [http-nio-8887-exec-1] c.l.c.mapper.UserMapper.findById         : <==      Total: 1
2019-08-14 11:43:35.612 DEBUG 16044 --- [http-nio-8887-exec-1] c.l.c.mapper.UserMapper.findById         : ==>  Preparing: select * from user where id=? 
2019-08-14 11:43:35.613 DEBUG 16044 --- [http-nio-8887-exec-1] c.l.c.mapper.UserMapper.findById         : ==> Parameters: 11(Integer)
2019-08-14 11:43:35.614 DEBUG 16044 --- [http-nio-8887-exec-1] c.l.c.mapper.UserMapper.findById         : <==      Total: 1
2019-08-14 11:43:35.614 DEBUG 16044 --- [http-nio-8887-exec-1] c.l.c.mapper.UserMapper.findById         : ==>  Preparing: select * from user where id=? 
2019-08-14 11:43:35.615 DEBUG 16044 --- [http-nio-8887-exec-1] c.l.c.mapper.UserMapper.findById         : ==> Parameters: 11(Integer)
2019-08-14 11:43:35.617 DEBUG 16044 --- [http-nio-8887-exec-1] c.l.c.mapper.UserMapper.findById         : <==      Total: 1
2019-08-14 11:43:56.536 DEBUG 16044 --- [http-nio-8887-exec-9] c.l.c.m.QuestionMapper.countBySearch     : ==>  Preparing: SELECT count(*) FROM question 
2019-08-14 11:43:56.537 DEBUG 16044 --- [http-nio-8887-exec-9] c.l.c.m.QuestionMapper.countBySearch     : ==> Parameters: 
2019-08-14 11:43:56.538 DEBUG 16044 --- [http-nio-8887-exec-9] c.l.c.m.QuestionMapper.countBySearch     : <==      Total: 1
2019-08-14 11:43:56.539 DEBUG 16044 --- [http-nio-8887-exec-9] c.l.c.m.QuestionMapper.selectBySearch    : ==>  Preparing: select * from question order by gmt_create desc limit ?, ? 
2019-08-14 11:43:56.539 DEBUG 16044 --- [http-nio-8887-exec-9] c.l.c.m.QuestionMapper.selectBySearch    : ==> Parameters: 8(Integer), 8(Integer)
2019-08-14 11:43:56.542 DEBUG 16044 --- [http-nio-8887-exec-9] c.l.c.m.QuestionMapper.selectBySearch    : <==      Total: 4
2019-08-14 11:43:56.543 DEBUG 16044 --- [http-nio-8887-exec-9] c.l.c.mapper.UserMapper.findById         : ==>  Preparing: select * from user where id=? 
2019-08-14 11:43:56.543 DEBUG 16044 --- [http-nio-8887-exec-9] c.l.c.mapper.UserMapper.findById         : ==> Parameters: 11(Integer)
2019-08-14 11:43:56.545 DEBUG 16044 --- [http-nio-8887-exec-9] c.l.c.mapper.UserMapper.findById         : <==      Total: 1
2019-08-14 11:43:56.546 DEBUG 16044 --- [http-nio-8887-exec-9] c.l.c.mapper.UserMapper.findById         : ==>  Preparing: select * from user where id=? 
2019-08-14 11:43:56.546 DEBUG 16044 --- [http-nio-8887-exec-9] c.l.c.mapper.UserMapper.findById         : ==> Parameters: 11(Integer)
2019-08-14 11:43:56.548 DEBUG 16044 --- [http-nio-8887-exec-9] c.l.c.mapper.UserMapper.findById         : <==      Total: 1
2019-08-14 11:43:56.549 DEBUG 16044 --- [http-nio-8887-exec-9] c.l.c.mapper.UserMapper.findById         : ==>  Preparing: select * from user where id=? 
2019-08-14 11:43:56.550 DEBUG 16044 --- [http-nio-8887-exec-9] c.l.c.mapper.UserMapper.findById         : ==> Parameters: 11(Integer)
2019-08-14 11:43:56.551 DEBUG 16044 --- [http-nio-8887-exec-9] c.l.c.mapper.UserMapper.findById         : <==      Total: 1
2019-08-14 11:43:56.551 DEBUG 16044 --- [http-nio-8887-exec-9] c.l.c.mapper.UserMapper.findById         : ==>  Preparing: select * from user where id=? 
2019-08-14 11:43:56.551 DEBUG 16044 --- [http-nio-8887-exec-9] c.l.c.mapper.UserMapper.findById         : ==> Parameters: 11(Integer)
2019-08-14 11:43:56.553 DEBUG 16044 --- [http-nio-8887-exec-9] c.l.c.mapper.UserMapper.findById         : <==      Total: 1
2019-08-14 11:44:02.789 DEBUG 16044 --- [http-nio-8887-exec-8] c.l.c.m.QuestionMapper.countBySearch     : ==>  Preparing: SELECT count(*) FROM question 
2019-08-14 11:44:02.790 DEBUG 16044 --- [http-nio-8887-exec-8] c.l.c.m.QuestionMapper.countBySearch     : ==> Parameters: 
2019-08-14 11:44:02.791 DEBUG 16044 --- [http-nio-8887-exec-8] c.l.c.m.QuestionMapper.countBySearch     : <==      Total: 1
2019-08-14 11:44:02.792 DEBUG 16044 --- [http-nio-8887-exec-8] c.l.c.m.QuestionMapper.selectBySearch    : ==>  Preparing: select * from question order by gmt_create desc limit ?, ? 
2019-08-14 11:44:02.793 DEBUG 16044 --- [http-nio-8887-exec-8] c.l.c.m.QuestionMapper.selectBySearch    : ==> Parameters: 0(Integer), 8(Integer)
2019-08-14 11:44:02.801 DEBUG 16044 --- [http-nio-8887-exec-8] c.l.c.m.QuestionMapper.selectBySearch    : <==      Total: 8
2019-08-14 11:44:02.802 DEBUG 16044 --- [http-nio-8887-exec-8] c.l.c.mapper.UserMapper.findById         : ==>  Preparing: select * from user where id=? 
2019-08-14 11:44:02.802 DEBUG 16044 --- [http-nio-8887-exec-8] c.l.c.mapper.UserMapper.findById         : ==> Parameters: 11(Integer)
2019-08-14 11:44:02.804 DEBUG 16044 --- [http-nio-8887-exec-8] c.l.c.mapper.UserMapper.findById         : <==      Total: 1
2019-08-14 11:44:02.805 DEBUG 16044 --- [http-nio-8887-exec-8] c.l.c.mapper.UserMapper.findById         : ==>  Preparing: select * from user where id=? 
2019-08-14 11:44:02.806 DEBUG 16044 --- [http-nio-8887-exec-8] c.l.c.mapper.UserMapper.findById         : ==> Parameters: 11(Integer)
2019-08-14 11:44:02.808 DEBUG 16044 --- [http-nio-8887-exec-8] c.l.c.mapper.UserMapper.findById         : <==      Total: 1
2019-08-14 11:44:02.809 DEBUG 16044 --- [http-nio-8887-exec-8] c.l.c.mapper.UserMapper.findById         : ==>  Preparing: select * from user where id=? 
2019-08-14 11:44:02.810 DEBUG 16044 --- [http-nio-8887-exec-8] c.l.c.mapper.UserMapper.findById         : ==> Parameters: 11(Integer)
2019-08-14 11:44:02.811 DEBUG 16044 --- [http-nio-8887-exec-8] c.l.c.mapper.UserMapper.findById         : <==      Total: 1
2019-08-14 11:44:02.812 DEBUG 16044 --- [http-nio-8887-exec-8] c.l.c.mapper.UserMapper.findById         : ==>  Preparing: select * from user where id=? 
2019-08-14 11:44:02.813 DEBUG 16044 --- [http-nio-8887-exec-8] c.l.c.mapper.UserMapper.findById         : ==> Parameters: 11(Integer)
2019-08-14 11:44:02.814 DEBUG 16044 --- [http-nio-8887-exec-8] c.l.c.mapper.UserMapper.findById         : <==      Total: 1
2019-08-14 11:44:02.816 DEBUG 16044 --- [http-nio-8887-exec-8] c.l.c.mapper.UserMapper.findById         : ==>  Preparing: select * from user where id=? 
2019-08-14 11:44:02.816 DEBUG 16044 --- [http-nio-8887-exec-8] c.l.c.mapper.UserMapper.findById         : ==> Parameters: 11(Integer)
2019-08-14 11:44:02.817 DEBUG 16044 --- [http-nio-8887-exec-8] c.l.c.mapper.UserMapper.findById         : <==      Total: 1
2019-08-14 11:44:02.818 DEBUG 16044 --- [http-nio-8887-exec-8] c.l.c.mapper.UserMapper.findById         : ==>  Preparing: select * from user where id=? 
2019-08-14 11:44:02.819 DEBUG 16044 --- [http-nio-8887-exec-8] c.l.c.mapper.UserMapper.findById         : ==> Parameters: 11(Integer)
2019-08-14 11:44:02.820 DEBUG 16044 --- [http-nio-8887-exec-8] c.l.c.mapper.UserMapper.findById         : <==      Total: 1
2019-08-14 11:44:02.821 DEBUG 16044 --- [http-nio-8887-exec-8] c.l.c.mapper.UserMapper.findById         : ==>  Preparing: select * from user where id=? 
2019-08-14 11:44:02.821 DEBUG 16044 --- [http-nio-8887-exec-8] c.l.c.mapper.UserMapper.findById         : ==> Parameters: 11(Integer)
2019-08-14 11:44:02.824 DEBUG 16044 --- [http-nio-8887-exec-8] c.l.c.mapper.UserMapper.findById         : <==      Total: 1
2019-08-14 11:44:02.824 DEBUG 16044 --- [http-nio-8887-exec-8] c.l.c.mapper.UserMapper.findById         : ==>  Preparing: select * from user where id=? 
2019-08-14 11:44:02.825 DEBUG 16044 --- [http-nio-8887-exec-8] c.l.c.mapper.UserMapper.findById         : ==> Parameters: 11(Integer)
2019-08-14 11:44:02.827 DEBUG 16044 --- [http-nio-8887-exec-8] c.l.c.mapper.UserMapper.findById         : <==      Total: 1
2019-08-14 11:44:04.190 DEBUG 16044 --- [http-nio-8887-exec-5] c.l.c.mapper.QuestionMapper.getById      : ==>  Preparing: select * from question where id = ? 
2019-08-14 11:44:04.191 DEBUG 16044 --- [http-nio-8887-exec-5] c.l.c.mapper.QuestionMapper.getById      : ==> Parameters: 18(Integer)
2019-08-14 11:44:04.194 DEBUG 16044 --- [http-nio-8887-exec-5] c.l.c.mapper.QuestionMapper.getById      : <==      Total: 1
2019-08-14 11:44:04.195 DEBUG 16044 --- [http-nio-8887-exec-5] c.l.c.mapper.UserMapper.findById         : ==>  Preparing: select * from user where id=? 
2019-08-14 11:44:04.195 DEBUG 16044 --- [http-nio-8887-exec-5] c.l.c.mapper.UserMapper.findById         : ==> Parameters: 11(Integer)
2019-08-14 11:44:04.197 DEBUG 16044 --- [http-nio-8887-exec-5] c.l.c.mapper.UserMapper.findById         : <==      Total: 1
2019-08-14 11:44:04.199 DEBUG 16044 --- [http-nio-8887-exec-5] c.l.c.m.Q.selectQuestionByTags           : ==>  Preparing: SELECT * FROM question WHERE id != ? AND tag regexp ? 
2019-08-14 11:44:04.199 DEBUG 16044 --- [http-nio-8887-exec-5] c.l.c.m.Q.selectQuestionByTags           : ==> Parameters: 18(Integer), mysql|nosql memcachedserver|java(String)
2019-08-14 11:44:04.203 DEBUG 16044 --- [http-nio-8887-exec-5] c.l.c.m.Q.selectQuestionByTags           : <==      Total: 5
2019-08-14 11:44:04.210 DEBUG 16044 --- [http-nio-8887-exec-5] c.l.c.m.CommentMapper.selectByParentId   : ==>  Preparing: select * from comment where parent_id=? and type=? order by gmt_create desc 
2019-08-14 11:44:04.210 DEBUG 16044 --- [http-nio-8887-exec-5] c.l.c.m.CommentMapper.selectByParentId   : ==> Parameters: 18(Integer), 1(Integer)
2019-08-14 11:44:04.212 DEBUG 16044 --- [http-nio-8887-exec-5] c.l.c.m.CommentMapper.selectByParentId   : <==      Total: 2
2019-08-14 11:44:04.213 DEBUG 16044 --- [http-nio-8887-exec-5] c.l.c.mapper.UserMapper.findById         : ==>  Preparing: select * from user where id=? 
2019-08-14 11:44:04.214 DEBUG 16044 --- [http-nio-8887-exec-5] c.l.c.mapper.UserMapper.findById         : ==> Parameters: 11(Integer)
2019-08-14 11:44:04.215 DEBUG 16044 --- [http-nio-8887-exec-5] c.l.c.mapper.UserMapper.findById         : <==      Total: 1
2019-08-14 11:44:04.232 DEBUG 16044 --- [http-nio-8887-exec-5] c.l.c.m.QuestionMapper.updateViewCount   : ==>  Preparing: update question set view_count = view_count + 1 where id=? 
2019-08-14 11:44:04.232 DEBUG 16044 --- [http-nio-8887-exec-5] c.l.c.m.QuestionMapper.updateViewCount   : ==> Parameters: 18(Integer)
2019-08-14 11:44:04.233 DEBUG 16044 --- [http-nio-8887-exec-5] c.l.c.m.QuestionMapper.updateViewCount   : <==    Updates: 1
2019-08-14 11:44:07.011 DEBUG 16044 --- [http-nio-8887-exec-5] c.l.c.m.QuestionMapper.countBySearch     : ==>  Preparing: SELECT count(*) FROM question 
2019-08-14 11:44:07.011 DEBUG 16044 --- [http-nio-8887-exec-5] c.l.c.m.QuestionMapper.countBySearch     : ==> Parameters: 
2019-08-14 11:44:07.012 DEBUG 16044 --- [http-nio-8887-exec-5] c.l.c.m.QuestionMapper.countBySearch     : <==      Total: 1
2019-08-14 11:44:07.013 DEBUG 16044 --- [http-nio-8887-exec-5] c.l.c.m.QuestionMapper.selectBySearch    : ==>  Preparing: select * from question order by gmt_create desc limit ?, ? 
2019-08-14 11:44:07.014 DEBUG 16044 --- [http-nio-8887-exec-5] c.l.c.m.QuestionMapper.selectBySearch    : ==> Parameters: 0(Integer), 8(Integer)
2019-08-14 11:44:07.016 DEBUG 16044 --- [http-nio-8887-exec-5] c.l.c.m.QuestionMapper.selectBySearch    : <==      Total: 8
2019-08-14 11:44:07.016 DEBUG 16044 --- [http-nio-8887-exec-5] c.l.c.mapper.UserMapper.findById         : ==>  Preparing: select * from user where id=? 
2019-08-14 11:44:07.017 DEBUG 16044 --- [http-nio-8887-exec-5] c.l.c.mapper.UserMapper.findById         : ==> Parameters: 11(Integer)
2019-08-14 11:44:07.019 DEBUG 16044 --- [http-nio-8887-exec-5] c.l.c.mapper.UserMapper.findById         : <==      Total: 1
2019-08-14 11:44:07.019 DEBUG 16044 --- [http-nio-8887-exec-5] c.l.c.mapper.UserMapper.findById         : ==>  Preparing: select * from user where id=? 
2019-08-14 11:44:07.020 DEBUG 16044 --- [http-nio-8887-exec-5] c.l.c.mapper.UserMapper.findById         : ==> Parameters: 11(Integer)
2019-08-14 11:44:07.021 DEBUG 16044 --- [http-nio-8887-exec-5] c.l.c.mapper.UserMapper.findById         : <==      Total: 1
2019-08-14 11:44:07.022 DEBUG 16044 --- [http-nio-8887-exec-5] c.l.c.mapper.UserMapper.findById         : ==>  Preparing: select * from user where id=? 
2019-08-14 11:44:07.022 DEBUG 16044 --- [http-nio-8887-exec-5] c.l.c.mapper.UserMapper.findById         : ==> Parameters: 11(Integer)
2019-08-14 11:44:07.023 DEBUG 16044 --- [http-nio-8887-exec-5] c.l.c.mapper.UserMapper.findById         : <==      Total: 1
2019-08-14 11:44:07.023 DEBUG 16044 --- [http-nio-8887-exec-5] c.l.c.mapper.UserMapper.findById         : ==>  Preparing: select * from user where id=? 
2019-08-14 11:44:07.024 DEBUG 16044 --- [http-nio-8887-exec-5] c.l.c.mapper.UserMapper.findById         : ==> Parameters: 11(Integer)
2019-08-14 11:44:07.024 DEBUG 16044 --- [http-nio-8887-exec-5] c.l.c.mapper.UserMapper.findById         : <==      Total: 1
2019-08-14 11:44:07.025 DEBUG 16044 --- [http-nio-8887-exec-5] c.l.c.mapper.UserMapper.findById         : ==>  Preparing: select * from user where id=? 
2019-08-14 11:44:07.025 DEBUG 16044 --- [http-nio-8887-exec-5] c.l.c.mapper.UserMapper.findById         : ==> Parameters: 11(Integer)
2019-08-14 11:44:07.026 DEBUG 16044 --- [http-nio-8887-exec-5] c.l.c.mapper.UserMapper.findById         : <==      Total: 1
2019-08-14 11:44:07.026 DEBUG 16044 --- [http-nio-8887-exec-5] c.l.c.mapper.UserMapper.findById         : ==>  Preparing: select * from user where id=? 
2019-08-14 11:44:07.027 DEBUG 16044 --- [http-nio-8887-exec-5] c.l.c.mapper.UserMapper.findById         : ==> Parameters: 11(Integer)
2019-08-14 11:44:07.028 DEBUG 16044 --- [http-nio-8887-exec-5] c.l.c.mapper.UserMapper.findById         : <==      Total: 1
2019-08-14 11:44:07.028 DEBUG 16044 --- [http-nio-8887-exec-5] c.l.c.mapper.UserMapper.findById         : ==>  Preparing: select * from user where id=? 
2019-08-14 11:44:07.028 DEBUG 16044 --- [http-nio-8887-exec-5] c.l.c.mapper.UserMapper.findById         : ==> Parameters: 11(Integer)
2019-08-14 11:44:07.029 DEBUG 16044 --- [http-nio-8887-exec-5] c.l.c.mapper.UserMapper.findById         : <==      Total: 1
2019-08-14 11:44:07.030 DEBUG 16044 --- [http-nio-8887-exec-5] c.l.c.mapper.UserMapper.findById         : ==>  Preparing: select * from user where id=? 
2019-08-14 11:44:07.030 DEBUG 16044 --- [http-nio-8887-exec-5] c.l.c.mapper.UserMapper.findById         : ==> Parameters: 11(Integer)
2019-08-14 11:44:07.030 DEBUG 16044 --- [http-nio-8887-exec-5] c.l.c.mapper.UserMapper.findById         : <==      Total: 1
2019-08-14 11:44:07.907 DEBUG 16044 --- [http-nio-8887-exec-4] c.l.c.mapper.QuestionMapper.getById      : ==>  Preparing: select * from question where id = ? 
2019-08-14 11:44:07.908 DEBUG 16044 --- [http-nio-8887-exec-4] c.l.c.mapper.QuestionMapper.getById      : ==> Parameters: 21(Integer)
2019-08-14 11:44:07.910 DEBUG 16044 --- [http-nio-8887-exec-4] c.l.c.mapper.QuestionMapper.getById      : <==      Total: 1
2019-08-14 11:44:07.910 DEBUG 16044 --- [http-nio-8887-exec-4] c.l.c.mapper.UserMapper.findById         : ==>  Preparing: select * from user where id=? 
2019-08-14 11:44:07.911 DEBUG 16044 --- [http-nio-8887-exec-4] c.l.c.mapper.UserMapper.findById         : ==> Parameters: 11(Integer)
2019-08-14 11:44:07.912 DEBUG 16044 --- [http-nio-8887-exec-4] c.l.c.mapper.UserMapper.findById         : <==      Total: 1
2019-08-14 11:44:07.912 DEBUG 16044 --- [http-nio-8887-exec-4] c.l.c.m.Q.selectQuestionByTags           : ==>  Preparing: SELECT * FROM question WHERE id != ? AND tag regexp ? 
2019-08-14 11:44:07.912 DEBUG 16044 --- [http-nio-8887-exec-4] c.l.c.m.Q.selectQuestionByTags           : ==> Parameters: 21(Integer), javascript|css|html5(String)
2019-08-14 11:44:07.914 DEBUG 16044 --- [http-nio-8887-exec-4] c.l.c.m.Q.selectQuestionByTags           : <==      Total: 2
2019-08-14 11:44:07.914 DEBUG 16044 --- [http-nio-8887-exec-4] c.l.c.m.CommentMapper.selectByParentId   : ==>  Preparing: select * from comment where parent_id=? and type=? order by gmt_create desc 
2019-08-14 11:44:07.915 DEBUG 16044 --- [http-nio-8887-exec-4] c.l.c.m.CommentMapper.selectByParentId   : ==> Parameters: 21(Integer), 1(Integer)
2019-08-14 11:44:07.916 DEBUG 16044 --- [http-nio-8887-exec-4] c.l.c.m.CommentMapper.selectByParentId   : <==      Total: 0
2019-08-14 11:44:07.916 DEBUG 16044 --- [http-nio-8887-exec-4] c.l.c.m.QuestionMapper.updateViewCount   : ==>  Preparing: update question set view_count = view_count + 1 where id=? 
2019-08-14 11:44:07.917 DEBUG 16044 --- [http-nio-8887-exec-4] c.l.c.m.QuestionMapper.updateViewCount   : ==> Parameters: 21(Integer)
2019-08-14 11:44:07.918 DEBUG 16044 --- [http-nio-8887-exec-4] c.l.c.m.QuestionMapper.updateViewCount   : <==    Updates: 1
2019-08-14 11:44:09.865 DEBUG 16044 --- [http-nio-8887-exec-3] c.l.c.m.QuestionMapper.countBySearch     : ==>  Preparing: SELECT count(*) FROM question 
2019-08-14 11:44:09.866 DEBUG 16044 --- [http-nio-8887-exec-3] c.l.c.m.QuestionMapper.countBySearch     : ==> Parameters: 
2019-08-14 11:44:09.867 DEBUG 16044 --- [http-nio-8887-exec-3] c.l.c.m.QuestionMapper.countBySearch     : <==      Total: 1
2019-08-14 11:44:09.868 DEBUG 16044 --- [http-nio-8887-exec-3] c.l.c.m.QuestionMapper.selectBySearch    : ==>  Preparing: select * from question order by gmt_create desc limit ?, ? 
2019-08-14 11:44:09.868 DEBUG 16044 --- [http-nio-8887-exec-3] c.l.c.m.QuestionMapper.selectBySearch    : ==> Parameters: 0(Integer), 8(Integer)
2019-08-14 11:44:09.871 DEBUG 16044 --- [http-nio-8887-exec-3] c.l.c.m.QuestionMapper.selectBySearch    : <==      Total: 8
2019-08-14 11:44:09.871 DEBUG 16044 --- [http-nio-8887-exec-3] c.l.c.mapper.UserMapper.findById         : ==>  Preparing: select * from user where id=? 
2019-08-14 11:44:09.871 DEBUG 16044 --- [http-nio-8887-exec-3] c.l.c.mapper.UserMapper.findById         : ==> Parameters: 11(Integer)
2019-08-14 11:44:09.872 DEBUG 16044 --- [http-nio-8887-exec-3] c.l.c.mapper.UserMapper.findById         : <==      Total: 1
2019-08-14 11:44:09.873 DEBUG 16044 --- [http-nio-8887-exec-3] c.l.c.mapper.UserMapper.findById         : ==>  Preparing: select * from user where id=? 
2019-08-14 11:44:09.873 DEBUG 16044 --- [http-nio-8887-exec-3] c.l.c.mapper.UserMapper.findById         : ==> Parameters: 11(Integer)
2019-08-14 11:44:09.874 DEBUG 16044 --- [http-nio-8887-exec-3] c.l.c.mapper.UserMapper.findById         : <==      Total: 1
2019-08-14 11:44:09.874 DEBUG 16044 --- [http-nio-8887-exec-3] c.l.c.mapper.UserMapper.findById         : ==>  Preparing: select * from user where id=? 
2019-08-14 11:44:09.874 DEBUG 16044 --- [http-nio-8887-exec-3] c.l.c.mapper.UserMapper.findById         : ==> Parameters: 11(Integer)
2019-08-14 11:44:09.875 DEBUG 16044 --- [http-nio-8887-exec-3] c.l.c.mapper.UserMapper.findById         : <==      Total: 1
2019-08-14 11:44:09.876 DEBUG 16044 --- [http-nio-8887-exec-3] c.l.c.mapper.UserMapper.findById         : ==>  Preparing: select * from user where id=? 
2019-08-14 11:44:09.876 DEBUG 16044 --- [http-nio-8887-exec-3] c.l.c.mapper.UserMapper.findById         : ==> Parameters: 11(Integer)
2019-08-14 11:44:09.877 DEBUG 16044 --- [http-nio-8887-exec-3] c.l.c.mapper.UserMapper.findById         : <==      Total: 1
2019-08-14 11:44:09.877 DEBUG 16044 --- [http-nio-8887-exec-3] c.l.c.mapper.UserMapper.findById         : ==>  Preparing: select * from user where id=? 
2019-08-14 11:44:09.878 DEBUG 16044 --- [http-nio-8887-exec-3] c.l.c.mapper.UserMapper.findById         : ==> Parameters: 11(Integer)
2019-08-14 11:44:09.879 DEBUG 16044 --- [http-nio-8887-exec-3] c.l.c.mapper.UserMapper.findById         : <==      Total: 1
2019-08-14 11:44:09.879 DEBUG 16044 --- [http-nio-8887-exec-3] c.l.c.mapper.UserMapper.findById         : ==>  Preparing: select * from user where id=? 
2019-08-14 11:44:09.879 DEBUG 16044 --- [http-nio-8887-exec-3] c.l.c.mapper.UserMapper.findById         : ==> Parameters: 11(Integer)
2019-08-14 11:44:09.880 DEBUG 16044 --- [http-nio-8887-exec-3] c.l.c.mapper.UserMapper.findById         : <==      Total: 1
2019-08-14 11:44:09.880 DEBUG 16044 --- [http-nio-8887-exec-3] c.l.c.mapper.UserMapper.findById         : ==>  Preparing: select * from user where id=? 
2019-08-14 11:44:09.881 DEBUG 16044 --- [http-nio-8887-exec-3] c.l.c.mapper.UserMapper.findById         : ==> Parameters: 11(Integer)
2019-08-14 11:44:09.881 DEBUG 16044 --- [http-nio-8887-exec-3] c.l.c.mapper.UserMapper.findById         : <==      Total: 1
2019-08-14 11:44:09.882 DEBUG 16044 --- [http-nio-8887-exec-3] c.l.c.mapper.UserMapper.findById         : ==>  Preparing: select * from user where id=? 
2019-08-14 11:44:09.882 DEBUG 16044 --- [http-nio-8887-exec-3] c.l.c.mapper.UserMapper.findById         : ==> Parameters: 11(Integer)
2019-08-14 11:44:09.883 DEBUG 16044 --- [http-nio-8887-exec-3] c.l.c.mapper.UserMapper.findById         : <==      Total: 1
